<?xml version="1.0" encoding="UTF-8"?>
<testng-results skipped="0" failed="0" ignored="0" total="1" passed="1">
  <reporter-output>
  </reporter-output>
  <suite name="Default suite" duration-ms="54777" started-at="2019-01-10T08:42:47Z" finished-at="2019-01-10T08:43:42Z">
    <groups>
    </groups>
    <test name="Default test" duration-ms="54777" started-at="2019-01-10T08:42:47Z" finished-at="2019-01-10T08:43:42Z">
      <class name="org.Barclays.Test.BaseTest">
        <test-method status="PASS" signature="positiveCredChek()[pri:1, instance:org.Barclays.Test.BaseTest@7c16905e]" name="positiveCredChek" duration-ms="54751" started-at="2019-01-10T08:42:48Z" finished-at="2019-01-10T08:43:42Z">
          <reporter-output>
          </reporter-output>
        </test-method> <!-- positiveCredChek -->
      </class> <!-- org.Barclays.Test.BaseTest -->
    </test> <!-- Default test -->
  </suite> <!-- Default suite -->
</testng-results>
